Process
=======
compile

Command Line
============
/Library/Java/JavaVirtualMachines/gluon-graalvm/Contents/Home/bin/native-image -Djdk.internal.lambda.eagerlyInitialize=false --no-server -H:+SharedLibrary -H:+AddAllCharsets -H:+ReportExceptionStackTraces -H:-DeadlockWatchdogExitOnTimeout -H:DeadlockWatchdogInterval=0 -H:+RemoveSaturatedTypeFlows -H:+ExitAfterRelocatableImageWrite --features=org.graalvm.home.HomeFinderFeature -H:TempDirectory=/Users/hansolo/IntelliJ_Projects/jarkanoid/target/gluonfx/arm64-ios/gvm/tmp -H:EnableURLProtocols=http,https --initialize-at-build-time=com.gluonhq.charm.glisten.visual.MaterialDesignIcon -H:ReflectionConfigurationFiles=/Users/hansolo/IntelliJ_Projects/jarkanoid/target/gluonfx/arm64-ios/gvm/reflectionconfig-arm64-ios.json -H:JNIConfigurationFiles=/Users/hansolo/IntelliJ_Projects/jarkanoid/target/gluonfx/arm64-ios/gvm/jniconfig-arm64-ios.json -H:ResourceConfigurationFiles=/Users/hansolo/IntelliJ_Projects/jarkanoid/target/gluonfx/arm64-ios/gvm/resourceconfig-arm64-ios.json -H:PageSize=16384 -Dsvm.targetName=iOS -Dsvm.targetArch=arm64 -H:+UseCAPCache -H:CAPCacheDir=/Users/hansolo/IntelliJ_Projects/jarkanoid/target/gluonfx/arm64-ios/gvm/capcache -H:CompilerBackend=lir -H:IncludeResourceBundles=com/sun/javafx/scene/control/skin/resources/controls,com/sun/javafx/scene/control/skin/resources/controls-nt,com.sun.javafx.tk.quantum.QuantumMessagesBundle,com.sun.media.jfxmedia.MediaErrors -Dsvm.platform=org.graalvm.nativeimage.Platform$IOS_AARCH64 -cp /Users/hansolo/.m2/repository/com/gluonhq/substrate/0.0.56/substrate-0.0.56.jar:/Users/hansolo/IntelliJ_Projects/jarkanoid/target/gluonfx/arm64-ios/gvm/tmp/classpathJar.jar eu.hansolo.fx.jarkanoid.Main

Output
======
Warning: Ignoring server-mode native-image argument --no-server.
========================================================================================================================
GraalVM Native Image: Generating 'eu.hansolo.fx.jarkanoid.main' (shared library)...
========================================================================================================================
[1/7] Initializing...                                                                                    (1,5s @ 0,14GB)
 Version info: 'GraalVM 22.1.0.1 Java 17 CE'
 Garbage collector: Serial GC
[2/7] Performing analysis...  [**************]                                                          (17,6s @ 4,20GB)
  12.106 (91,11%) of 13.287 classes reachable
  21.631 (65,42%) of 33.066 fields reachable
  59.408 (65,03%) of 91.351 methods reachable
     670 classes,   216 fields, and 2.099 methods registered for reflection
     117 classes,   107 fields, and   194 methods registered for JNI access
[3/7] Building universe...                                                                               (1,5s @ 2,33GB)
[4/7] Parsing methods...      [*]                                                                        (0,7s @ 3,52GB)
[5/7] Inlining methods...     [****]                                                                     (2,5s @ 1,29GB)
[6/7] Compiling methods...    [***]                                                                      (9,3s @ 2,20GB)

------------------------------------------------------------------------------------------------------------------------
                        4,8s (12,4% of total time) in 36 GCs | Peak RSS: 7,33GB | CPU load: 6,18
------------------------------------------------------------------------------------------------------------------------
Produced artifacts:
 /Users/hansolo/IntelliJ_Projects/jarkanoid/target/gluonfx/arm64-ios/gvm/JArkanoid/eu.hansolo.fx.jarkanoid.main.h (header)
 /Users/hansolo/IntelliJ_Projects/jarkanoid/target/gluonfx/arm64-ios/gvm/JArkanoid/graal_isolate.h (header)
 /Users/hansolo/IntelliJ_Projects/jarkanoid/target/gluonfx/arm64-ios/gvm/JArkanoid/eu.hansolo.fx.jarkanoid.main_dynamic.h (header)
 /Users/hansolo/IntelliJ_Projects/jarkanoid/target/gluonfx/arm64-ios/gvm/JArkanoid/graal_isolate_dynamic.h (header)
 /Users/hansolo/IntelliJ_Projects/jarkanoid/target/gluonfx/arm64-ios/gvm/JArkanoid/eu.hansolo.fx.jarkanoid.main.build_artifacts.txt
========================================================================================================================
Finished generating 'eu.hansolo.fx.jarkanoid.main' in 38,8s.


Result
======
result: 0