Process
=======
compile

Command Line
============
/Library/Java/JavaVirtualMachines/gluon-graalvm/Contents/Home/bin/native-image -Djdk.internal.lambda.eagerlyInitialize=false --no-server -H:+SharedLibrary -H:+AddAllCharsets -H:+ReportExceptionStackTraces -H:-DeadlockWatchdogExitOnTimeout -H:DeadlockWatchdogInterval=0 -H:+RemoveSaturatedTypeFlows -H:+ExitAfterRelocatableImageWrite --features=org.graalvm.home.HomeFinderFeature -H:TempDirectory=/Users/hansolo/IntelliJ_Projects/jarkanoid/target/gluonfx/arm64-ios/gvm/tmp -H:EnableURLProtocols=http,https --initialize-at-build-time=com.gluonhq.charm.glisten.visual.MaterialDesignIcon -H:ReflectionConfigurationFiles=/Users/hansolo/IntelliJ_Projects/jarkanoid/target/gluonfx/arm64-ios/gvm/reflectionconfig-arm64-ios.json -H:JNIConfigurationFiles=/Users/hansolo/IntelliJ_Projects/jarkanoid/target/gluonfx/arm64-ios/gvm/jniconfig-arm64-ios.json -H:ResourceConfigurationFiles=/Users/hansolo/IntelliJ_Projects/jarkanoid/target/gluonfx/arm64-ios/gvm/resourceconfig-arm64-ios.json -H:PageSize=16384 -Dsvm.targetName=iOS -Dsvm.targetArch=arm64 -H:+UseCAPCache -H:CAPCacheDir=/Users/hansolo/IntelliJ_Projects/jarkanoid/target/gluonfx/arm64-ios/gvm/capcache -H:CompilerBackend=lir -H:IncludeResourceBundles=com/sun/javafx/scene/control/skin/resources/controls,com/sun/javafx/scene/control/skin/resources/controls-nt,com.sun.javafx.tk.quantum.QuantumMessagesBundle,com.sun.media.jfxmedia.MediaErrors -Dsvm.platform=org.graalvm.nativeimage.Platform$IOS_AARCH64 -cp /Users/hansolo/.m2/repository/com/gluonhq/substrate/0.0.56/substrate-0.0.56.jar:/Users/hansolo/IntelliJ_Projects/jarkanoid/target/gluonfx/arm64-ios/gvm/tmp/classpathJar.jar eu.hansolo.fx.jarkanoid.Main

Output
======
Warning: Ignoring server-mode native-image argument --no-server.
========================================================================================================================
GraalVM Native Image: Generating 'eu.hansolo.fx.jarkanoid.main' (shared library)...
========================================================================================================================
[1/7] Initializing...                                                                                    (1,6s @ 0,14GB)
 Version info: 'GraalVM 22.1.0.1 Java 17 CE'
 Garbage collector: Serial GC
[2/7] Performing analysis...  [**************]                                                          (17,8s @ 1,77GB)
  12.152 (91,09%) of 13.341 classes reachable
  21.828 (65,55%) of 33.298 fields reachable
  59.556 (64,95%) of 91.698 methods reachable
     670 classes,   222 fields, and 2.096 methods registered for reflection
     117 classes,   107 fields, and   194 methods registered for JNI access
[3/7] Building universe...                                                                               (1,4s @ 2,60GB)
[4/7] Parsing methods...      [*]                                                                        (0,8s @ 3,80GB)
[5/7] Inlining methods...     [****]                                                                     (2,4s @ 1,57GB)
[6/7] Compiling methods...    [***]                                                                      (9,4s @ 3,69GB)

------------------------------------------------------------------------------------------------------------------------
                        4,8s (12,2% of total time) in 37 GCs | Peak RSS: 7,41GB | CPU load: 6,34
------------------------------------------------------------------------------------------------------------------------
Produced artifacts:
 /Users/hansolo/IntelliJ_Projects/jarkanoid/target/gluonfx/arm64-ios/gvm/JArkanoid/eu.hansolo.fx.jarkanoid.main.h (header)
 /Users/hansolo/IntelliJ_Projects/jarkanoid/target/gluonfx/arm64-ios/gvm/JArkanoid/graal_isolate.h (header)
 /Users/hansolo/IntelliJ_Projects/jarkanoid/target/gluonfx/arm64-ios/gvm/JArkanoid/eu.hansolo.fx.jarkanoid.main_dynamic.h (header)
 /Users/hansolo/IntelliJ_Projects/jarkanoid/target/gluonfx/arm64-ios/gvm/JArkanoid/graal_isolate_dynamic.h (header)
 /Users/hansolo/IntelliJ_Projects/jarkanoid/target/gluonfx/arm64-ios/gvm/JArkanoid/eu.hansolo.fx.jarkanoid.main.build_artifacts.txt
========================================================================================================================
Finished generating 'eu.hansolo.fx.jarkanoid.main' in 39,1s.


Result
======
result: 0